<?xml version="1.0" encoding="UTF-8"?>
<!-- Generated by org.testng.reporters.JUnitReportReporter -->
<testsuite hostname="LP-HYD-85009841" failures="0" tests="3" name="com.ParameterTest.ParameterJava" time="7.416" errors="0" timestamp="2026-06-13T11:49:53 IST" skipped="0">
  <testcase classname="com.ParameterTest.ParameterJava" name="Test" time="2.221"/>
  <testcase classname="com.ParameterTest.ParameterJava" name="Test" time="2.422"/>
  <testcase classname="com.ParameterTest.ParameterJava" name="Test" time="2.773"/>
</testsuite> <!-- com.ParameterTest.ParameterJava -->
