<?xml version="1.0" encoding="UTF-8"?>
<testng-results ignored="0" total="1" passed="1" failed="0" skipped="0">
  <reporter-output>
  </reporter-output>
  <suite started-at="2026-06-10T10:59:10 IST" name="Default suite" finished-at="2026-06-10T10:59:43 IST" duration-ms="33108">
    <groups>
    </groups>
    <test started-at="2026-06-10T10:59:10 IST" name="Default test" finished-at="2026-06-10T10:59:43 IST" duration-ms="33108">
      <class name="com.SeleniumWebDriverDropBox.DropBoxElement">
        <test-method is-config="true" signature="Setup()[pri:0, instance:com.SeleniumWebDriverDropBox.DropBoxElement@6ed3ccb2]" started-at="2026-06-10T10:59:10 IST" name="Setup" finished-at="2026-06-10T10:59:16 IST" duration-ms="6712" status="PASS">
          <reporter-output>
          </reporter-output>
        </test-method> <!-- Setup -->
        <test-method signature="TestMethod()[pri:0, instance:com.SeleniumWebDriverDropBox.DropBoxElement@6ed3ccb2]" started-at="2026-06-10T10:59:17 IST" name="TestMethod" finished-at="2026-06-10T10:59:43 IST" duration-ms="26309" status="PASS">
          <reporter-output>
          </reporter-output>
        </test-method> <!-- TestMethod -->
      </class> <!-- com.SeleniumWebDriverDropBox.DropBoxElement -->
    </test> <!-- Default test -->
  </suite> <!-- Default suite -->
</testng-results>
