<?xml version="1.0" encoding="UTF-8"?>
<testng-results ignored="0" total="1" passed="1" failed="0" skipped="0">
  <reporter-output>
  </reporter-output>
  <suite started-at="2026-06-11T21:23:25 IST" name="Default suite" finished-at="2026-06-11T21:23:32 IST" duration-ms="6741">
    <groups>
    </groups>
    <test started-at="2026-06-11T21:23:25 IST" name="Default test" finished-at="2026-06-11T21:23:32 IST" duration-ms="6741">
      <class name="com.TestCase.ExternalLoginPage">
        <test-method signature="ValidateUser()[pri:0, instance:com.TestCase.ExternalLoginPage@15de0b3c]" started-at="2026-06-11T21:23:25 IST" name="ValidateUser" finished-at="2026-06-11T21:23:32 IST" duration-ms="6614" status="PASS">
          <reporter-output>
          </reporter-output>
        </test-method> <!-- ValidateUser -->
      </class> <!-- com.TestCase.ExternalLoginPage -->
    </test> <!-- Default test -->
  </suite> <!-- Default suite -->
</testng-results>
