<?xml version="1.0" encoding="UTF-8"?>
<!-- Generated by org.testng.reporters.JUnitReportReporter -->
<testsuite hostname="LP-HYD-85009841" failures="0" tests="3" name="com.FreeCrm.FreeCrmBrowserTest" time="54.503" errors="0" timestamp="2026-06-08T16:10:10 IST" skipped="0">
  <testcase classname="com.FreeCrm.FreeCrmBrowserTest" name="FreeCrmChromeBrowserTest" time="7.121"/>
  <testcase classname="com.FreeCrm.FreeCrmBrowserTest" name="FreeCrmEdgeBrowserTest" time="9.482"/>
  <testcase classname="com.FreeCrm.FreeCrmBrowserTest" name="FreeCrmFireFoxBrowserTest" time="37.900"/>
</testsuite> <!-- com.FreeCrm.FreeCrmBrowserTest -->
