<?xml version="1.0" encoding="UTF-8"?>
<!-- Generated by org.testng.reporters.JUnitReportReporter -->
<testsuite hostname="LP-HYD-85009841" failures="0" tests="3" name="com.Chase.ChaseBrowserTest" time="88.896" errors="0" timestamp="2026-06-08T15:52:22 IST" skipped="0">
  <testcase classname="com.Chase.ChaseBrowserTest" name="ChaseChromeBrowserTest" time="14.788"/>
  <testcase classname="com.Chase.ChaseBrowserTest" name="ChaseFireFoxBrowserTest" time="52.904"/>
  <testcase classname="com.Chase.ChaseBrowserTest" name="ChaseEdgeBrowserTest" time="21.204"/>
</testsuite> <!-- com.Chase.ChaseBrowserTest -->
