<?xml version="1.0" encoding="UTF-8"?>
<!-- Generated by org.testng.reporters.JUnitReportReporter -->
<testsuite hostname="LP-HYD-85009841" failures="0" tests="3" name="com.AltoroTestFire.AltoroTestFireBrowserTest" time="32.057" errors="0" timestamp="2026-06-08T15:49:50 IST" skipped="0">
  <testcase classname="com.AltoroTestFire.AltoroTestFireBrowserTest" name="AltoroTestFireChromeBrowserTest" time="8.587"/>
  <testcase classname="com.AltoroTestFire.AltoroTestFireBrowserTest" name="AltoroTestFireEdgeBrowserTest" time="6.366"/>
  <testcase classname="com.AltoroTestFire.AltoroTestFireBrowserTest" name="AltoroTestFireFireFoxBrowserTest" time="17.104"/>
</testsuite> <!-- com.AltoroTestFire.AltoroTestFireBrowserTest -->
