<?xml version="1.0" encoding="UTF-8"?>
<!-- Generated by org.testng.reporters.JUnitReportReporter -->
<testsuite hostname="LP-HYD-85009841" failures="0" tests="3" name="com.PracticeAutomation.PracticeAutomationBrowserTest" time="42.410" errors="0" timestamp="2026-06-09T09:18:54 IST" skipped="0">
  <testcase classname="com.PracticeAutomation.PracticeAutomationBrowserTest" name="PracticeAutomationChromeBrowserTest" time="18.862"/>
  <testcase classname="com.PracticeAutomation.PracticeAutomationBrowserTest" name="PracticeAutomationEdgeBrowserTest" time="7.982"/>
  <testcase classname="com.PracticeAutomation.PracticeAutomationBrowserTest" name="PracticeAutomationFirefoxBrowserTest" time="15.566"/>
</testsuite> <!-- com.PracticeAutomation.PracticeAutomationBrowserTest -->
