<?xml version="1.0" encoding="UTF-8"?>
<!-- Generated by org.testng.reporters.JUnitReportReporter -->
<testsuite hostname="LP-HYD-85009841" failures="0" tests="3" name="com.Bing.BingBrowserTest" time="38.472" errors="0" timestamp="2026-06-08T15:50:41 IST" skipped="0">
  <testcase classname="com.Bing.BingBrowserTest" name="BingBrowserChromeTest" time="5.893"/>
  <testcase classname="com.Bing.BingBrowserTest" name="BingBrowserEdgeTest" time="10.496"/>
  <testcase classname="com.Bing.BingBrowserTest" name="BingBrowserFirefoxTest" time="22.083"/>
</testsuite> <!-- com.Bing.BingBrowserTest -->
