<?xml version="1.0" encoding="UTF-8"?>
<testng-results ignored="0" total="1" passed="1" failed="0" skipped="0">
  <reporter-output>
  </reporter-output>
  <suite started-at="2026-06-11T09:44:25 IST" name="Default suite" finished-at="2026-06-11T09:44:32 IST" duration-ms="6211">
    <groups>
    </groups>
    <test started-at="2026-06-11T09:44:25 IST" name="Default test" finished-at="2026-06-11T09:44:32 IST" duration-ms="6211">
      <class name="com.ActionWebDriver.DragandDropTest">
        <test-method is-config="true" signature="Setup()[pri:0, instance:com.ActionWebDriver.DragandDropTest@74e52ef6]" started-at="2026-06-11T09:44:25 IST" name="Setup" finished-at="2026-06-11T09:44:30 IST" duration-ms="4399" status="PASS">
          <reporter-output>
          </reporter-output>
        </test-method> <!-- Setup -->
        <test-method signature="TestMethod()[pri:0, instance:com.ActionWebDriver.DragandDropTest@74e52ef6]" started-at="2026-06-11T09:44:30 IST" name="TestMethod" finished-at="2026-06-11T09:44:32 IST" duration-ms="1732" status="PASS">
          <reporter-output>
          </reporter-output>
        </test-method> <!-- TestMethod -->
      </class> <!-- com.ActionWebDriver.DragandDropTest -->
    </test> <!-- Default test -->
  </suite> <!-- Default suite -->
</testng-results>
