<?xml version="1.0" encoding="UTF-8"?>
<testng-results ignored="0" total="1" passed="1" failed="0" skipped="0">
  <reporter-output>
  </reporter-output>
  <suite started-at="2026-06-10T11:50:12 IST" name="Default suite" finished-at="2026-06-10T11:50:28 IST" duration-ms="16208">
    <groups>
    </groups>
    <test started-at="2026-06-10T11:50:12 IST" name="Default test" finished-at="2026-06-10T11:50:28 IST" duration-ms="16208">
      <class name="com.SeleniumRadioButton.RadioButton">
        <test-method signature="TestRadioButton()[pri:0, instance:com.SeleniumRadioButton.RadioButton@5e0e82ae]" started-at="2026-06-10T11:50:12 IST" name="TestRadioButton" finished-at="2026-06-10T11:50:28 IST" duration-ms="16100" status="PASS">
          <reporter-output>
          </reporter-output>
        </test-method> <!-- TestRadioButton -->
      </class> <!-- com.SeleniumRadioButton.RadioButton -->
    </test> <!-- Default test -->
  </suite> <!-- Default suite -->
</testng-results>
