<?xml version="1.0" encoding="UTF-8"?>
<!-- Generated by org.testng.reporters.JUnitReportReporter -->
<testsuite hostname="LP-HYD-85009841" failures="0" tests="2" name="com.NavigationCommand.NavigationCommand" time="31.126" errors="0" timestamp="2026-06-09T10:06:20 IST" skipped="0">
  <testcase classname="com.NavigationCommand.NavigationCommand" name="QuiteMethod" time="15.542"/>
  <testcase classname="com.NavigationCommand.NavigationCommand" name="CloseMethod" time="15.584"/>
</testsuite> <!-- com.NavigationCommand.NavigationCommand -->
