<?xml version="1.0" encoding="UTF-8"?>
<!-- Generated by org.testng.reporters.JUnitXMLReporter -->
<testsuite ignored="0" hostname="LP-HYD-85009841" failures="0" tests="3" name="Default test" time="18.701" errors="0" timestamp="2026-06-13T10:39:44 IST">
  <testcase classname="com.DataProvider.DataProviderTest" name="TestBrowser" time="7.851"/>
  <testcase classname="com.DataProvider.DataProviderTest" name="TestBrowser" time="4.877"/>
  <testcase classname="com.DataProvider.DataProviderTest" name="TestBrowser" time="4.541"/>
</testsuite> <!-- Default test -->
