<?xml version="1.0" encoding="UTF-8"?>
<testng-results ignored="0" total="1" passed="1" failed="0" skipped="0">
  <reporter-output>
  </reporter-output>
  <suite started-at="2026-06-11T21:52:09 IST" name="Default suite" finished-at="2026-06-11T21:52:18 IST" duration-ms="9124">
    <groups>
    </groups>
    <test started-at="2026-06-11T21:52:09 IST" name="Default test" finished-at="2026-06-11T21:52:18 IST" duration-ms="9124">
      <class name="com.WebDriverCaseStudy.RadioButtonCaseStudy2">
        <test-method is-config="true" signature="Setup()[pri:0, instance:com.WebDriverCaseStudy.RadioButtonCaseStudy2@24269709]" started-at="2026-06-11T21:52:09 IST" name="Setup" finished-at="2026-06-11T21:52:12 IST" duration-ms="2788" status="PASS">
          <reporter-output>
          </reporter-output>
        </test-method> <!-- Setup -->
        <test-method signature="TestMethod()[pri:0, instance:com.WebDriverCaseStudy.RadioButtonCaseStudy2@24269709]" started-at="2026-06-11T21:52:12 IST" name="TestMethod" finished-at="2026-06-11T21:52:18 IST" duration-ms="6258" status="PASS">
          <reporter-output>
          </reporter-output>
        </test-method> <!-- TestMethod -->
      </class> <!-- com.WebDriverCaseStudy.RadioButtonCaseStudy2 -->
    </test> <!-- Default test -->
  </suite> <!-- Default suite -->
</testng-results>
