<?xml version="1.0" encoding="UTF-8"?>
<testng-results ignored="0" total="1" passed="1" failed="0" skipped="0">
  <reporter-output>
  </reporter-output>
  <suite started-at="2026-06-11T21:36:56 IST" name="Default suite" finished-at="2026-06-11T21:37:04 IST" duration-ms="8656">
    <groups>
    </groups>
    <test started-at="2026-06-11T21:36:56 IST" name="Default test" finished-at="2026-06-11T21:37:04 IST" duration-ms="8656">
      <class name="com.TestCases.ExternalTest">
        <test-method signature="validateUser()[pri:0, instance:com.TestCases.ExternalTest@15de0b3c]" started-at="2026-06-11T21:36:56 IST" name="validateUser" finished-at="2026-06-11T21:37:04 IST" duration-ms="8560" status="PASS">
          <reporter-output>
          </reporter-output>
        </test-method> <!-- validateUser -->
      </class> <!-- com.TestCases.ExternalTest -->
    </test> <!-- Default test -->
  </suite> <!-- Default suite -->
</testng-results>
