<?xml version="1.0" encoding="UTF-8"?>
<testng-results ignored="0" total="3" passed="3" failed="0" skipped="0">
  <reporter-output>
  </reporter-output>
  <suite started-at="2026-06-13T11:49:34 IST" name="Suite" finished-at="2026-06-13T11:49:52 IST" duration-ms="18674">
    <groups>
    </groups>
    <test started-at="2026-06-13T11:49:34 IST" name="ChromeBrowser" finished-at="2026-06-13T11:49:40 IST" duration-ms="6404">
      <class name="com.ParameterTest.ParameterJava">
        <test-method is-config="true" signature="Setup(java.lang.String)[pri:0, instance:com.ParameterTest.ParameterJava@4e0ae11f]" started-at="2026-06-13T11:49:34 IST" name="Setup" finished-at="2026-06-13T11:49:37 IST" duration-ms="3526" status="PASS">
          <params>
            <param index="0">
              <value>
                <![CDATA[chrome]]>
              </value>
            </param>
          </params>
          <reporter-output>
          </reporter-output>
        </test-method> <!-- Setup -->
        <test-method signature="Test()[pri:0, instance:com.ParameterTest.ParameterJava@4e0ae11f]" started-at="2026-06-13T11:49:37 IST" name="Test" finished-at="2026-06-13T11:49:40 IST" duration-ms="2221" status="PASS">
          <reporter-output>
          </reporter-output>
        </test-method> <!-- Test -->
        <test-method is-config="true" signature="TearDown()[pri:0, instance:com.ParameterTest.ParameterJava@4e0ae11f]" started-at="2026-06-13T11:49:40 IST" name="TearDown" finished-at="2026-06-13T11:49:40 IST" duration-ms="471" status="PASS">
          <reporter-output>
          </reporter-output>
        </test-method> <!-- TearDown -->
      </class> <!-- com.ParameterTest.ParameterJava -->
    </test> <!-- ChromeBrowser -->
    <test started-at="2026-06-13T11:49:40 IST" name="EdgeBrowser" finished-at="2026-06-13T11:49:47 IST" duration-ms="7105">
      <class name="com.ParameterTest.ParameterJava">
        <test-method is-config="true" signature="Setup(java.lang.String)[pri:0, instance:com.ParameterTest.ParameterJava@4b2c5e02]" started-at="2026-06-13T11:49:40 IST" name="Setup" finished-at="2026-06-13T11:49:44 IST" duration-ms="3936" status="PASS">
          <params>
            <param index="0">
              <value>
                <![CDATA[edge]]>
              </value>
            </param>
          </params>
          <reporter-output>
          </reporter-output>
        </test-method> <!-- Setup -->
        <test-method signature="Test()[pri:0, instance:com.ParameterTest.ParameterJava@4b2c5e02]" started-at="2026-06-13T11:49:44 IST" name="Test" finished-at="2026-06-13T11:49:47 IST" duration-ms="2773" status="PASS">
          <reporter-output>
          </reporter-output>
        </test-method> <!-- Test -->
        <test-method is-config="true" signature="TearDown()[pri:0, instance:com.ParameterTest.ParameterJava@4b2c5e02]" started-at="2026-06-13T11:49:47 IST" name="TearDown" finished-at="2026-06-13T11:49:47 IST" duration-ms="385" status="PASS">
          <reporter-output>
          </reporter-output>
        </test-method> <!-- TearDown -->
      </class> <!-- com.ParameterTest.ParameterJava -->
    </test> <!-- EdgeBrowser -->
    <test started-at="2026-06-13T11:49:47 IST" name="FirefoxBrowser" finished-at="2026-06-13T11:49:52 IST" duration-ms="5060">
      <class name="com.ParameterTest.ParameterJava">
        <test-method is-config="true" signature="Setup(java.lang.String)[pri:0, instance:com.ParameterTest.ParameterJava@75c56eb9]" started-at="2026-06-13T11:49:47 IST" name="Setup" finished-at="2026-06-13T11:49:50 IST" duration-ms="2287" status="PASS">
          <params>
            <param index="0">
              <value>
                <![CDATA[firefox]]>
              </value>
            </param>
          </params>
          <reporter-output>
          </reporter-output>
        </test-method> <!-- Setup -->
        <test-method signature="Test()[pri:0, instance:com.ParameterTest.ParameterJava@75c56eb9]" started-at="2026-06-13T11:49:50 IST" name="Test" finished-at="2026-06-13T11:49:52 IST" duration-ms="2422" status="PASS">
          <reporter-output>
          </reporter-output>
        </test-method> <!-- Test -->
        <test-method is-config="true" signature="TearDown()[pri:0, instance:com.ParameterTest.ParameterJava@75c56eb9]" started-at="2026-06-13T11:49:52 IST" name="TearDown" finished-at="2026-06-13T11:49:52 IST" duration-ms="331" status="PASS">
          <reporter-output>
          </reporter-output>
        </test-method> <!-- TearDown -->
      </class> <!-- com.ParameterTest.ParameterJava -->
    </test> <!-- FirefoxBrowser -->
  </suite> <!-- Suite -->
</testng-results>
