<?xml version="1.0" encoding="UTF-8"?>
<!-- Generated by org.testng.reporters.JUnitReportReporter -->
<testsuite hostname="Phoenix" failures="0" tests="3" name="com.tests.RegisterTest" time="35.359" errors="0" timestamp="2026-06-14T21:35:12 IST" skipped="0">
  <testcase classname="com.tests.RegisterTest" name="registerTest" time="12.005"/>
  <testcase classname="com.tests.RegisterTest" name="registerTest" time="11.693"/>
  <testcase classname="com.tests.RegisterTest" name="registerTest" time="11.661"/>
</testsuite> <!-- com.tests.RegisterTest -->
