<?xml version="1.0" encoding="UTF-8"?>
<testng-results ignored="0" total="1" passed="1" failed="0" skipped="0">
  <reporter-output>
  </reporter-output>
  <suite started-at="2026-06-11T10:43:33 IST" name="Default suite" finished-at="2026-06-11T10:45:43 IST" duration-ms="130026">
    <groups>
    </groups>
    <test started-at="2026-06-11T10:43:33 IST" name="Default test" finished-at="2026-06-11T10:45:43 IST" duration-ms="130026">
      <class name="com.DataDrivenTesting.DataDrivenTest">
        <test-method is-config="true" signature="Setup()[pri:0, instance:com.DataDrivenTesting.DataDrivenTest@15de0b3c]" started-at="2026-06-11T10:43:33 IST" name="Setup" finished-at="2026-06-11T10:43:43 IST" duration-ms="10061" status="PASS">
          <reporter-output>
          </reporter-output>
        </test-method> <!-- Setup -->
        <test-method signature="TestMethod()[pri:0, instance:com.DataDrivenTesting.DataDrivenTest@15de0b3c]" started-at="2026-06-11T10:43:43 IST" name="TestMethod" finished-at="2026-06-11T10:45:43 IST" duration-ms="119820" status="PASS">
          <reporter-output>
          </reporter-output>
        </test-method> <!-- TestMethod -->
      </class> <!-- com.DataDrivenTesting.DataDrivenTest -->
    </test> <!-- Default test -->
  </suite> <!-- Default suite -->
</testng-results>
