<?xml version="1.0" encoding="UTF-8"?>
<testng-results ignored="0" total="3" passed="3" failed="0" skipped="0">
  <reporter-output>
  </reporter-output>
  <suite started-at="2026-06-14T21:34:29 IST" name="HioxRegisterSuite" finished-at="2026-06-14T21:35:12 IST" duration-ms="43135">
    <groups>
    </groups>
    <test started-at="2026-06-14T21:34:29 IST" name="RegisterTest" finished-at="2026-06-14T21:35:12 IST" duration-ms="43135">
      <class name="com.tests.RegisterTest">
        <test-method is-config="true" signature="setup(java.lang.String)[pri:0, instance:com.tests.RegisterTest@45b4c3a9]" started-at="2026-06-14T21:34:29 IST" name="setup" finished-at="2026-06-14T21:34:33 IST" duration-ms="4742" status="PASS">
          <params>
            <param index="0">
              <value>
                <![CDATA[chrome]]>
              </value>
            </param>
          </params>
          <reporter-output>
          </reporter-output>
        </test-method> <!-- setup -->
        <test-method signature="registerTest(java.lang.String,java.lang.String,java.lang.String,java.lang.String,java.lang.String,java.lang.String)[pri:0, instance:com.tests.RegisterTest@45b4c3a9]" started-at="2026-06-14T21:34:36 IST" name="registerTest" data-provider="RegisterData" finished-at="2026-06-14T21:34:48 IST" duration-ms="12005" status="PASS">
          <params>
            <param index="0">
              <value>
                <![CDATA[Devansh]]>
              </value>
            </param>
            <param index="1">
              <value>
                <![CDATA[devansh123@gmail.com]]>
              </value>
            </param>
            <param index="2">
              <value>
                <![CDATA[Test@123]]>
              </value>
            </param>
            <param index="3">
              <value>
                <![CDATA[Test@123]]>
              </value>
            </param>
            <param index="4">
              <value>
                <![CDATA[India]]>
              </value>
            </param>
            <param index="5">
              <value>
                <![CDATA[9.87654321E9]]>
              </value>
            </param>
          </params>
          <reporter-output>
          </reporter-output>
        </test-method> <!-- registerTest -->
        <test-method signature="registerTest(java.lang.String,java.lang.String,java.lang.String,java.lang.String,java.lang.String,java.lang.String)[pri:0, instance:com.tests.RegisterTest@45b4c3a9]" started-at="2026-06-14T21:34:48 IST" name="registerTest" data-provider="RegisterData" finished-at="2026-06-14T21:35:00 IST" duration-ms="11693" status="PASS">
          <params>
            <param index="0">
              <value>
                <![CDATA[Rahul]]>
              </value>
            </param>
            <param index="1">
              <value>
                <![CDATA[rahul456@gmail.com]]>
              </value>
            </param>
            <param index="2">
              <value>
                <![CDATA[Rahul@123]]>
              </value>
            </param>
            <param index="3">
              <value>
                <![CDATA[Rahul@123]]>
              </value>
            </param>
            <param index="4">
              <value>
                <![CDATA[India]]>
              </value>
            </param>
            <param index="5">
              <value>
                <![CDATA[8.765432109E9]]>
              </value>
            </param>
          </params>
          <reporter-output>
          </reporter-output>
        </test-method> <!-- registerTest -->
        <test-method signature="registerTest(java.lang.String,java.lang.String,java.lang.String,java.lang.String,java.lang.String,java.lang.String)[pri:0, instance:com.tests.RegisterTest@45b4c3a9]" started-at="2026-06-14T21:35:00 IST" name="registerTest" data-provider="RegisterData" finished-at="2026-06-14T21:35:11 IST" duration-ms="11661" status="PASS">
          <params>
            <param index="0">
              <value>
                <![CDATA[Amit]]>
              </value>
            </param>
            <param index="1">
              <value>
                <![CDATA[amit789@gmail.com]]>
              </value>
            </param>
            <param index="2">
              <value>
                <![CDATA[Amit@123]]>
              </value>
            </param>
            <param index="3">
              <value>
                <![CDATA[Amit@123]]>
              </value>
            </param>
            <param index="4">
              <value>
                <![CDATA[India]]>
              </value>
            </param>
            <param index="5">
              <value>
                <![CDATA[7.654321098E9]]>
              </value>
            </param>
          </params>
          <reporter-output>
          </reporter-output>
        </test-method> <!-- registerTest -->
        <test-method is-config="true" signature="closeBrowser()[pri:0, instance:com.tests.RegisterTest@45b4c3a9]" started-at="2026-06-14T21:35:11 IST" name="closeBrowser" finished-at="2026-06-14T21:35:12 IST" duration-ms="365" status="PASS">
          <reporter-output>
          </reporter-output>
        </test-method> <!-- closeBrowser -->
      </class> <!-- com.tests.RegisterTest -->
    </test> <!-- RegisterTest -->
  </suite> <!-- HioxRegisterSuite -->
</testng-results>
