<?xml version="1.0" encoding="UTF-8"?>
<testng-results ignored="0" total="1" passed="1" failed="0" skipped="0">
  <reporter-output>
  </reporter-output>
  <suite started-at="2026-06-11T20:50:34 IST" name="Default suite" finished-at="2026-06-11T20:50:43 IST" duration-ms="9433">
    <groups>
    </groups>
    <test started-at="2026-06-11T20:50:34 IST" name="Default test" finished-at="2026-06-11T20:50:43 IST" duration-ms="9433">
      <class name="com.TestCase.ExternalLoginPage">
        <test-method signature="ValidateUser()[pri:0, instance:com.TestCase.ExternalLoginPage@7c6908d7]" started-at="2026-06-11T20:50:34 IST" name="ValidateUser" finished-at="2026-06-11T20:50:43 IST" duration-ms="9351" status="PASS">
          <reporter-output>
          </reporter-output>
        </test-method> <!-- ValidateUser -->
      </class> <!-- com.TestCase.ExternalLoginPage -->
    </test> <!-- Default test -->
  </suite> <!-- Default suite -->
</testng-results>
