<?xml version="1.0" encoding="UTF-8"?>
<testng-results ignored="0" total="1" passed="1" failed="0" skipped="0">
  <reporter-output>
  </reporter-output>
  <suite started-at="2026-06-08T15:44:42 IST" name="Default suite" finished-at="2026-06-08T15:44:50 IST" duration-ms="7709">
    <groups>
    </groups>
    <test started-at="2026-06-08T15:44:42 IST" name="Default test" finished-at="2026-06-08T15:44:50 IST" duration-ms="7709">
      <class name="com.TestNGDemoTest.LaunchDifferentBrowsers">
        <test-method signature="EdgeBrowser()[pri:0, instance:com.TestNGDemoTest.LaunchDifferentBrowsers@45752059]" started-at="2026-06-08T15:44:42 IST" name="EdgeBrowser" finished-at="2026-06-08T15:44:50 IST" duration-ms="7664" status="PASS">
          <reporter-output>
          </reporter-output>
        </test-method> <!-- EdgeBrowser -->
      </class> <!-- com.TestNGDemoTest.LaunchDifferentBrowsers -->
    </test> <!-- Default test -->
  </suite> <!-- Default suite -->
</testng-results>
