<?xml version="1.0" encoding="UTF-8"?>
<testng-results ignored="0" total="1" passed="1" failed="0" skipped="0">
  <reporter-output>
  </reporter-output>
  <suite started-at="2026-06-09T19:50:31 IST" name="Default suite" finished-at="2026-06-09T19:50:41 IST" duration-ms="9774">
    <groups>
    </groups>
    <test started-at="2026-06-09T19:50:31 IST" name="Default test" finished-at="2026-06-09T19:50:41 IST" duration-ms="9774">
      <class name="com.SeleniumWebDriver.ChromeSeleniumWebDriver">
        <test-method is-config="true" signature="BeforeTest()[pri:0, instance:com.SeleniumWebDriver.ChromeSeleniumWebDriver@74e52ef6]" started-at="2026-06-09T19:50:31 IST" name="BeforeTest" finished-at="2026-06-09T19:50:41 IST" duration-ms="9107" status="PASS">
          <reporter-output>
          </reporter-output>
        </test-method> <!-- BeforeTest -->
        <test-method signature="TestMethod()[pri:0, instance:com.SeleniumWebDriver.ChromeSeleniumWebDriver@74e52ef6]" started-at="2026-06-09T19:50:41 IST" name="TestMethod" finished-at="2026-06-09T19:50:41 IST" duration-ms="570" status="PASS">
          <reporter-output>
          </reporter-output>
        </test-method> <!-- TestMethod -->
      </class> <!-- com.SeleniumWebDriver.ChromeSeleniumWebDriver -->
    </test> <!-- Default test -->
  </suite> <!-- Default suite -->
</testng-results>
