<?xml version="1.0" encoding="UTF-8"?>
<testng-results ignored="0" total="1" passed="1" failed="0" skipped="0">
  <reporter-output>
  </reporter-output>
  <suite started-at="2026-06-10T11:14:31 IST" name="Default suite" finished-at="2026-06-10T11:14:50 IST" duration-ms="19484">
    <groups>
    </groups>
    <test started-at="2026-06-10T11:14:31 IST" name="Default test" finished-at="2026-06-10T11:14:50 IST" duration-ms="19484">
      <class name="com.SeleniumWebDriverAlert.DemoAlert">
        <test-method signature="TestBrowser()[pri:0, instance:com.SeleniumWebDriverAlert.DemoAlert@6771beb3]" started-at="2026-06-10T11:14:31 IST" name="TestBrowser" finished-at="2026-06-10T11:14:50 IST" duration-ms="19385" status="PASS">
          <reporter-output>
          </reporter-output>
        </test-method> <!-- TestBrowser -->
      </class> <!-- com.SeleniumWebDriverAlert.DemoAlert -->
    </test> <!-- Default test -->
  </suite> <!-- Default suite -->
</testng-results>
