<?xml version="1.0" encoding="UTF-8"?>
<!-- Generated by org.testng.reporters.JUnitReportReporter -->
<testsuite hostname="LP-HYD-85009841" failures="0" tests="3" name="com.DataProvider.DataProviderTest" time="18.450" errors="0" timestamp="2026-06-13T10:39:45 IST" skipped="0">
  <testcase classname="com.DataProvider.DataProviderTest" name="TestBrowser" time="8.384"/>
  <testcase classname="com.DataProvider.DataProviderTest" name="TestBrowser" time="5.209"/>
  <testcase classname="com.DataProvider.DataProviderTest" name="TestBrowser" time="4.857"/>
</testsuite> <!-- com.DataProvider.DataProviderTest -->
