<?xml version="1.0" encoding="UTF-8"?>
<testng-results ignored="0" total="3" passed="3" failed="0" skipped="0">
  <reporter-output>
  </reporter-output>
  <suite started-at="2026-06-13T10:39:26 IST" name="Default suite" finished-at="2026-06-13T10:39:44 IST" duration-ms="18701">
    <groups>
    </groups>
    <test started-at="2026-06-13T10:39:26 IST" name="Default test" finished-at="2026-06-13T10:39:44 IST" duration-ms="18701">
      <class name="com.DataProvider.DataProviderTest">
        <test-method signature="TestBrowser(java.lang.String,java.lang.String)[pri:0, instance:com.DataProvider.DataProviderTest@5167f57d]" started-at="2026-06-13T10:39:26 IST" name="TestBrowser" data-provider="EasyCalculation" finished-at="2026-06-13T10:39:34 IST" duration-ms="7851" status="PASS">
          <params>
            <param index="0">
              <value>
                <![CDATA[639234324]]>
              </value>
            </param>
            <param index="1">
              <value>
                <![CDATA[devanshb]]>
              </value>
            </param>
          </params>
          <reporter-output>
          </reporter-output>
        </test-method> <!-- TestBrowser -->
        <test-method is-config="true" signature="EndBrowser()[pri:0, instance:com.DataProvider.DataProviderTest@5167f57d]" started-at="2026-06-13T10:39:34 IST" name="EndBrowser" finished-at="2026-06-13T10:39:34 IST" duration-ms="533" status="PASS">
          <reporter-output>
          </reporter-output>
        </test-method> <!-- EndBrowser -->
        <test-method signature="TestBrowser(java.lang.String,java.lang.String)[pri:0, instance:com.DataProvider.DataProviderTest@5167f57d]" started-at="2026-06-13T10:39:34 IST" name="TestBrowser" data-provider="EasyCalculation" finished-at="2026-06-13T10:39:39 IST" duration-ms="4877" status="PASS">
          <params>
            <param index="0">
              <value>
                <![CDATA[324324232]]>
              </value>
            </param>
            <param index="1">
              <value>
                <![CDATA[nncelncle]]>
              </value>
            </param>
          </params>
          <reporter-output>
          </reporter-output>
        </test-method> <!-- TestBrowser -->
        <test-method is-config="true" signature="EndBrowser()[pri:0, instance:com.DataProvider.DataProviderTest@5167f57d]" started-at="2026-06-13T10:39:39 IST" name="EndBrowser" finished-at="2026-06-13T10:39:39 IST" duration-ms="316" status="PASS">
          <reporter-output>
          </reporter-output>
        </test-method> <!-- EndBrowser -->
        <test-method signature="TestBrowser(java.lang.String,java.lang.String)[pri:0, instance:com.DataProvider.DataProviderTest@5167f57d]" started-at="2026-06-13T10:39:39 IST" name="TestBrowser" data-provider="EasyCalculation" finished-at="2026-06-13T10:39:44 IST" duration-ms="4541" status="PASS">
          <params>
            <param index="0">
              <value>
                <![CDATA[345435234]]>
              </value>
            </param>
            <param index="1">
              <value>
                <![CDATA[deniceuwnl]]>
              </value>
            </param>
          </params>
          <reporter-output>
          </reporter-output>
        </test-method> <!-- TestBrowser -->
        <test-method is-config="true" signature="EndBrowser()[pri:0, instance:com.DataProvider.DataProviderTest@5167f57d]" started-at="2026-06-13T10:39:44 IST" name="EndBrowser" finished-at="2026-06-13T10:39:44 IST" duration-ms="332" status="PASS">
          <reporter-output>
          </reporter-output>
        </test-method> <!-- EndBrowser -->
      </class> <!-- com.DataProvider.DataProviderTest -->
    </test> <!-- Default test -->
  </suite> <!-- Default suite -->
</testng-results>
