<?xml version="1.0" encoding="UTF-8"?>
<testng-results ignored="0" total="1" passed="1" failed="0" skipped="0">
  <reporter-output>
  </reporter-output>
  <suite started-at="2026-06-11T12:20:29 IST" name="Default suite" finished-at="2026-06-11T12:20:36 IST" duration-ms="6526">
    <groups>
    </groups>
    <test started-at="2026-06-11T12:20:29 IST" name="Default test" finished-at="2026-06-11T12:20:36 IST" duration-ms="6526">
      <class name="com.ScreenShotDemo.ScreenShotDemoText">
        <test-method is-config="true" signature="Setup()[pri:0, instance:com.ScreenShotDemo.ScreenShotDemoText@1a677343]" started-at="2026-06-11T12:20:29 IST" name="Setup" finished-at="2026-06-11T12:20:34 IST" duration-ms="4815" status="PASS">
          <reporter-output>
          </reporter-output>
        </test-method> <!-- Setup -->
        <test-method signature="TestMethod()[pri:0, instance:com.ScreenShotDemo.ScreenShotDemoText@1a677343]" started-at="2026-06-11T12:20:34 IST" name="TestMethod" finished-at="2026-06-11T12:20:36 IST" duration-ms="1651" status="PASS">
          <reporter-output>
          </reporter-output>
        </test-method> <!-- TestMethod -->
      </class> <!-- com.ScreenShotDemo.ScreenShotDemoText -->
    </test> <!-- Default test -->
  </suite> <!-- Default suite -->
</testng-results>
