<?xml version="1.0" encoding="UTF-8"?>
<testng-results ignored="0" total="1" passed="1" failed="0" skipped="0">
  <reporter-output>
  </reporter-output>
  <suite started-at="2026-06-09T16:55:32 IST" name="Default suite" finished-at="2026-06-09T16:56:01 IST" duration-ms="29271">
    <groups>
    </groups>
    <test started-at="2026-06-09T16:55:32 IST" name="Default test" finished-at="2026-06-09T16:56:01 IST" duration-ms="29271">
      <class name="com.LocatorTestDemo.ClassNameElement">
        <test-method is-config="true" signature="Setup()[pri:0, instance:com.LocatorTestDemo.ClassNameElement@15de0b3c]" started-at="2026-06-09T16:55:32 IST" name="Setup" finished-at="2026-06-09T16:55:40 IST" duration-ms="8297" status="PASS">
          <reporter-output>
          </reporter-output>
        </test-method> <!-- Setup -->
        <test-method signature="TestMethod()[pri:0, instance:com.LocatorTestDemo.ClassNameElement@15de0b3c]" started-at="2026-06-09T16:55:40 IST" name="TestMethod" finished-at="2026-06-09T16:56:00 IST" duration-ms="20255" status="PASS">
          <reporter-output>
          </reporter-output>
        </test-method> <!-- TestMethod -->
        <test-method is-config="true" signature="EndTest()[pri:0, instance:com.LocatorTestDemo.ClassNameElement@15de0b3c]" started-at="2026-06-09T16:56:00 IST" name="EndTest" finished-at="2026-06-09T16:56:01 IST" duration-ms="683" status="PASS">
          <reporter-output>
          </reporter-output>
        </test-method> <!-- EndTest -->
      </class> <!-- com.LocatorTestDemo.ClassNameElement -->
    </test> <!-- Default test -->
  </suite> <!-- Default suite -->
</testng-results>
